
[QA] Restaurando a VM ao estado limpo ('Base-Limpa')...
[QA] Criando checkpoint temporario 'QA-Run-2026-07-01_162900'...
[QA] Ligando a VM (HEADLESS - sem janela; roda em background)...
[ ok ] VM pronta.
[QA] Abrindo sessao PowerShell Direct para injetar os arquivos...
[QA] Injetando o Setup...
[ ok ] Setup injetado.
[QA] Injetando os binarios de teste E2E (pasta inteira)...
[ ok ] Binarios de teste E2E injetados.
[QA] Instalando o PDV e rodando a bateria E2E dentro da VM...
[ ok ] Execucao na VM concluida (etapa: concluido).
[QA] Extraindo evidencias para C:\Users\vbarb_ihzzadu\Documents\GitHub\pdv-festa-amuv\test-reports\2026-07-01_162900 
...
[ ok ] 14 arquivo(s) de evidencia extraidos.
[QA] Rollback: revertendo a VM ao estado limpo e apagando o checkpoint temporario...
[ ok ] VM base restaurada e virgem. Checkpoint temporario removido.

======================================================
 TESTES E2E (SANDBOX) OK
  Relatorio: C:\Users\vbarb_ihzzadu\Documents\GitHub\pdv-festa-amuv\test-reports\2026-07-01_162900
======================================================
===FIM===
